30/04/2015 09:49:00 (Std) 	+-+-+-+-+-+-+-+-+-+-+-+-+-+-+-+-+-+-+-+-+-+-+-+-+-+-+-+-+-+-+-+-+-+-+-+-+-+-+-+
30/04/2015 09:49:00 (Std) 	+                     Crazy Eddie's GUI System - Event log                    +
30/04/2015 09:49:00 (Std) 	+                          (http://www.cegui.org.uk/)                         +
30/04/2015 09:49:00 (Std) 	+-+-+-+-+-+-+-+-+-+-+-+-+-+-+-+-+-+-+-+-+-+-+-+-+-+-+-+-+-+-+-+-+-+-+-+-+-+-+-+

30/04/2015 09:49:00 (Std) 	CEGUI::Logger singleton created. (0x2ed70f0)
30/04/2015 09:49:00 (Std) 	
30/04/2015 09:49:00 (Std) 	********************************************************************************
30/04/2015 09:49:00 (Std) 	* Important:                                                                   *
30/04/2015 09:49:00 (Std) 	*     To get support at the CEGUI forums, you must post _at least_ the section *
30/04/2015 09:49:00 (Std) 	*     of this log file indicated below.  Failure to do this will result in no  *
30/04/2015 09:49:00 (Std) 	*     support being given; please do not waste our time.                       *
30/04/2015 09:49:00 (Std) 	********************************************************************************
30/04/2015 09:49:00 (Std) 	********************************************************************************
30/04/2015 09:49:00 (Std) 	* -------- START OF ESSENTIAL SECTION TO BE POSTED ON THE FORUM       -------- *
30/04/2015 09:49:00 (Std) 	********************************************************************************
30/04/2015 09:49:00 (Std) 	---- Version: 0.8.4 (Build: Jan 30 2015 GNU/Linux g++ 4.8.2 64 bit) ----
30/04/2015 09:49:00 (Std) 	---- Renderer module is: CEGUI::OgreRenderer - Official OGRE based 2nd generation renderer module. ----
30/04/2015 09:49:00 (Std) 	---- XML Parser module is: CEGUI::ExpatParser - Official expat based parser module for CEGUI ----
30/04/2015 09:49:00 (Std) 	---- Image Codec module is: OgreImageCodec - Integrated ImageCodec using the Ogre engine. ----
30/04/2015 09:49:00 (Std) 	---- Scripting module is: None ----
30/04/2015 09:49:00 (Std) 	********************************************************************************
30/04/2015 09:49:00 (Std) 	* -------- END OF ESSENTIAL SECTION TO BE POSTED ON THE FORUM         -------- *
30/04/2015 09:49:00 (Std) 	********************************************************************************
30/04/2015 09:49:00 (Std) 	
30/04/2015 09:49:00 (Std) 	---- Begining CEGUI System initialisation ----
30/04/2015 09:49:00 (Std) 	[CEGUI::ImageManager] Singleton created (0x2ed86b0)
30/04/2015 09:49:00 (Std) 	[CEGUI::ImageManager] Registered Image type: BasicImage
30/04/2015 09:49:00 (Std) 	CEGUI::FontManager singleton created. (0x2ed8d50)
30/04/2015 09:49:00 (Std) 	CEGUI::WindowFactoryManager singleton created
30/04/2015 09:49:00 (Std) 	CEGUI::WindowManager singleton created (0x2ed8e80)
30/04/2015 09:49:00 (Std) 	CEGUI::SchemeManager singleton created. (0x2ed8f10)
30/04/2015 09:49:00 (Std) 	CEGUI::GlobalEventSet singleton created. (0x2ed8730)
30/04/2015 09:49:00 (Std) 	CEGUI::AnimationManager singleton created (0x2ed9040)
30/04/2015 09:49:00 (Std) 	CEGUI::WidgetLookManager singleton created. (0x2ed8250)
30/04/2015 09:49:00 (Std) 	CEGUI::WindowRendererManager singleton created (0x2ed6cc0)
30/04/2015 09:49:00 (Std) 	CEGUI::RenderEffectManager singleton created (0x2ed8630)
30/04/2015 09:49:00 (Std) 	Created WindowFactory for 'DefaultWindow' windows.
30/04/2015 09:49:00 (Std) 	WindowFactory for 'DefaultWindow' windows added. (0x2ede4a0)
30/04/2015 09:49:00 (Std) 	Created WindowFactory for 'DragContainer' windows.
30/04/2015 09:49:00 (Std) 	WindowFactory for 'DragContainer' windows added. (0x2ede640)
30/04/2015 09:49:00 (Std) 	Created WindowFactory for 'ScrolledContainer' windows.
30/04/2015 09:49:00 (Std) 	WindowFactory for 'ScrolledContainer' windows added. (0x2ede7e0)
30/04/2015 09:49:00 (Std) 	Created WindowFactory for 'ClippedContainer' windows.
30/04/2015 09:49:00 (Std) 	WindowFactory for 'ClippedContainer' windows added. (0x2ede980)
30/04/2015 09:49:00 (Std) 	Created WindowFactory for 'CEGUI/PushButton' windows.
30/04/2015 09:49:00 (Std) 	WindowFactory for 'CEGUI/PushButton' windows added. (0x2edea40)
30/04/2015 09:49:00 (Std) 	Created WindowFactory for 'CEGUI/RadioButton' windows.
30/04/2015 09:49:00 (Std) 	WindowFactory for 'CEGUI/RadioButton' windows added. (0x2eded50)
30/04/2015 09:49:00 (Std) 	Created WindowFactory for 'CEGUI/Combobox' windows.
30/04/2015 09:49:00 (Std) 	WindowFactory for 'CEGUI/Combobox' windows added. (0x2edeef0)
30/04/2015 09:49:00 (Std) 	Created WindowFactory for 'CEGUI/ComboDropList' windows.
30/04/2015 09:49:00 (Std) 	WindowFactory for 'CEGUI/ComboDropList' windows added. (0x2edf090)
30/04/2015 09:49:00 (Std) 	Created WindowFactory for 'CEGUI/Editbox' windows.
30/04/2015 09:49:00 (Std) 	WindowFactory for 'CEGUI/Editbox' windows added. (0x2edf230)
30/04/2015 09:49:00 (Std) 	Created WindowFactory for 'CEGUI/FrameWindow' windows.
30/04/2015 09:49:00 (Std) 	WindowFactory for 'CEGUI/FrameWindow' windows added. (0x2edf3d0)
30/04/2015 09:49:00 (Std) 	Created WindowFactory for 'CEGUI/ItemEntry' windows.
30/04/2015 09:49:00 (Std) 	WindowFactory for 'CEGUI/ItemEntry' windows added. (0x2edf570)
30/04/2015 09:49:00 (Std) 	Created WindowFactory for 'CEGUI/Listbox' windows.
30/04/2015 09:49:00 (Std) 	WindowFactory for 'CEGUI/Listbox' windows added. (0x2edf710)
30/04/2015 09:49:00 (Std) 	Created WindowFactory for 'CEGUI/ListHeader' windows.
30/04/2015 09:49:00 (Std) 	WindowFactory for 'CEGUI/ListHeader' windows added. (0x2edf8b0)
30/04/2015 09:49:00 (Std) 	Created WindowFactory for 'CEGUI/ListHeaderSegment' windows.
30/04/2015 09:49:00 (Std) 	WindowFactory for 'CEGUI/ListHeaderSegment' windows added. (0x2edfa50)
30/04/2015 09:49:00 (Std) 	Created WindowFactory for 'CEGUI/Menubar' windows.
30/04/2015 09:49:00 (Std) 	WindowFactory for 'CEGUI/Menubar' windows added. (0x2edfbf0)
30/04/2015 09:49:00 (Std) 	Created WindowFactory for 'CEGUI/PopupMenu' windows.
30/04/2015 09:49:00 (Std) 	WindowFactory for 'CEGUI/PopupMenu' windows added. (0x2edfd90)
30/04/2015 09:49:00 (Std) 	Created WindowFactory for 'CEGUI/MenuItem' windows.
30/04/2015 09:49:00 (Std) 	WindowFactory for 'CEGUI/MenuItem' windows added. (0x2edff30)
30/04/2015 09:49:00 (Std) 	Created WindowFactory for 'CEGUI/MultiColumnList' windows.
30/04/2015 09:49:00 (Std) 	WindowFactory for 'CEGUI/MultiColumnList' windows added. (0x2ee01e0)
30/04/2015 09:49:00 (Std) 	Created WindowFactory for 'CEGUI/MultiLineEditbox' windows.
30/04/2015 09:49:00 (Std) 	WindowFactory for 'CEGUI/MultiLineEditbox' windows added. (0x2ee0380)
30/04/2015 09:49:00 (Std) 	Created WindowFactory for 'CEGUI/ProgressBar' windows.
30/04/2015 09:49:00 (Std) 	WindowFactory for 'CEGUI/ProgressBar' windows added. (0x2ee0520)
30/04/2015 09:49:00 (Std) 	Created WindowFactory for 'CEGUI/ScrollablePane' windows.
30/04/2015 09:49:00 (Std) 	WindowFactory for 'CEGUI/ScrollablePane' windows added. (0x2ee06c0)
30/04/2015 09:49:00 (Std) 	Created WindowFactory for 'CEGUI/Scrollbar' windows.
30/04/2015 09:49:00 (Std) 	WindowFactory for 'CEGUI/Scrollbar' windows added. (0x2ee0860)
30/04/2015 09:49:00 (Std) 	Created WindowFactory for 'CEGUI/Slider' windows.
30/04/2015 09:49:00 (Std) 	WindowFactory for 'CEGUI/Slider' windows added. (0x2ee0a00)
30/04/2015 09:49:00 (Std) 	Created WindowFactory for 'CEGUI/Spinner' windows.
30/04/2015 09:49:00 (Std) 	WindowFactory for 'CEGUI/Spinner' windows added. (0x2ee0ba0)
30/04/2015 09:49:00 (Std) 	Created WindowFactory for 'CEGUI/TabButton' windows.
30/04/2015 09:49:00 (Std) 	WindowFactory for 'CEGUI/TabButton' windows added. (0x2ee0d40)
30/04/2015 09:49:00 (Std) 	Created WindowFactory for 'CEGUI/TabControl' windows.
30/04/2015 09:49:00 (Std) 	WindowFactory for 'CEGUI/TabControl' windows added. (0x2ee0ee0)
30/04/2015 09:49:00 (Std) 	Created WindowFactory for 'CEGUI/Thumb' windows.
30/04/2015 09:49:00 (Std) 	WindowFactory for 'CEGUI/Thumb' windows added. (0x2ee1080)
30/04/2015 09:49:00 (Std) 	Created WindowFactory for 'CEGUI/Titlebar' windows.
30/04/2015 09:49:00 (Std) 	WindowFactory for 'CEGUI/Titlebar' windows added. (0x2ee1220)
30/04/2015 09:49:00 (Std) 	Created WindowFactory for 'CEGUI/ToggleButton' windows.
30/04/2015 09:49:00 (Std) 	WindowFactory for 'CEGUI/ToggleButton' windows added. (0x2ee13c0)
30/04/2015 09:49:00 (Std) 	Created WindowFactory for 'CEGUI/Tooltip' windows.
30/04/2015 09:49:00 (Std) 	WindowFactory for 'CEGUI/Tooltip' windows added. (0x2ee1560)
30/04/2015 09:49:00 (Std) 	Created WindowFactory for 'CEGUI/ItemListbox' windows.
30/04/2015 09:49:00 (Std) 	WindowFactory for 'CEGUI/ItemListbox' windows added. (0x2ee1700)
30/04/2015 09:49:00 (Std) 	Created WindowFactory for 'CEGUI/GroupBox' windows.
30/04/2015 09:49:00 (Std) 	WindowFactory for 'CEGUI/GroupBox' windows added. (0x2ee18a0)
30/04/2015 09:49:00 (Std) 	Created WindowFactory for 'CEGUI/Tree' windows.
30/04/2015 09:49:00 (Std) 	WindowFactory for 'CEGUI/Tree' windows added. (0x2ee1a40)
30/04/2015 09:49:00 (Std) 	Created WindowFactory for 'LayoutCell' windows.
30/04/2015 09:49:00 (Std) 	WindowFactory for 'LayoutCell' windows added. (0x2ee00d0)
30/04/2015 09:49:00 (Std) 	Created WindowFactory for 'HorizontalLayoutContainer' windows.
30/04/2015 09:49:00 (Std) 	WindowFactory for 'HorizontalLayoutContainer' windows added. (0x2ee1ed0)
30/04/2015 09:49:00 (Std) 	Created WindowFactory for 'VerticalLayoutContainer' windows.
30/04/2015 09:49:00 (Std) 	WindowFactory for 'VerticalLayoutContainer' windows added. (0x2ee2070)
30/04/2015 09:49:00 (Std) 	Created WindowFactory for 'GridLayoutContainer' windows.
30/04/2015 09:49:00 (Std) 	WindowFactory for 'GridLayoutContainer' windows added. (0x2ee2210)
30/04/2015 09:49:00 (Std) 	CEGUI::System singleton created. (0x2ed6ea0)
30/04/2015 09:49:00 (Std) 	---- CEGUI System initialisation completed ----
30/04/2015 09:49:00 (Std) 	
30/04/2015 09:49:00 (Std) 	Started creation of Scheme from XML specification:
30/04/2015 09:49:00 (Std) 	---- CEGUI GUIScheme name: TaharezLook
30/04/2015 09:49:00 (Std) 	[ImageManager] Started creation of Imageset from XML specification:
30/04/2015 09:49:00 (Std) 	[ImageManager] ---- CEGUI Imageset name: TaharezLook
30/04/2015 09:49:00 (Std) 	[ImageManager] ---- Source texture file: TaharezLook.png
30/04/2015 09:49:00 (Std) 	[ImageManager] ---- Source texture resource group: (Default)
30/04/2015 09:49:00 (Std) 	[OgreRenderer] Created texture: TaharezLook
30/04/2015 09:49:00 (Std) 	[ImageManager] Created image: 'TaharezLook/ClientBrush' (0x2ef4a10) of type: BasicImage
30/04/2015 09:49:00 (Std) 	[ImageManager] Created image: 'TaharezLook/GenericBrush' (0x2ee24a0) of type: BasicImage
30/04/2015 09:49:00 (Std) 	[ImageManager] Created image: 'TaharezLook/WindowLeftEdge' (0x2ee2d10) of type: BasicImage
30/04/2015 09:49:00 (Std) 	[ImageManager] Created image: 'TaharezLook/WindowRightEdge' (0x2ee2fa0) of type: BasicImage
30/04/2015 09:49:00 (Std) 	[ImageManager] Created image: 'TaharezLook/WindowTopEdge' (0x2ef5bc0) of type: BasicImage
30/04/2015 09:49:00 (Std) 	[ImageManager] Created image: 'TaharezLook/WindowBottomEdge' (0x2ee7bd0) of type: BasicImage
30/04/2015 09:49:00 (Std) 	[ImageManager] Created image: 'TaharezLook/WindowTopLeft' (0x2ee31b0) of type: BasicImage
30/04/2015 09:49:00 (Std) 	[ImageManager] Created image: 'TaharezLook/WindowTopRight' (0x2ee33c0) of type: BasicImage
30/04/2015 09:49:00 (Std) 	[ImageManager] Created image: 'TaharezLook/WindowBottomLeft' (0x2ee35d0) of type: BasicImage
30/04/2015 09:49:00 (Std) 	[ImageManager] Created image: 'TaharezLook/WindowBottomRight' (0x2ee37e0) of type: BasicImage
30/04/2015 09:49:00 (Std) 	[ImageManager] Created image: 'TaharezLook/ButtonLeftNormal' (0x2ee39f0) of type: BasicImage
30/04/2015 09:49:00 (Std) 	[ImageManager] Created image: 'TaharezLook/ButtonMiddleNormal' (0x2ee3c00) of type: BasicImage
30/04/2015 09:49:00 (Std) 	[ImageManager] Created image: 'TaharezLook/ButtonRightNormal' (0x2ee3e10) of type: BasicImage
30/04/2015 09:49:00 (Std) 	[ImageManager] Created image: 'TaharezLook/ButtonLeftPushed' (0x2ee4020) of type: BasicImage
30/04/2015 09:49:00 (Std) 	[ImageManager] Created image: 'TaharezLook/ButtonMiddlePushed' (0x2ee4230) of type: BasicImage
30/04/2015 09:49:00 (Std) 	[ImageManager] Created image: 'TaharezLook/ButtonRightPushed' (0x2ee4440) of type: BasicImage
30/04/2015 09:49:00 (Std) 	[ImageManager] Created image: 'TaharezLook/ButtonLeftHighlight' (0x2ee4650) of type: BasicImage
30/04/2015 09:49:00 (Std) 	[ImageManager] Created image: 'TaharezLook/ButtonMiddleHighlight' (0x2ee4b80) of type: BasicImage
30/04/2015 09:49:00 (Std) 	[ImageManager] Created image: 'TaharezLook/ButtonRightHighlight' (0x2ef5a30) of type: BasicImage
30/04/2015 09:49:00 (Std) 	[ImageManager] Created image: 'TaharezLook/CheckboxNormal' (0x2ee2b80) of type: BasicImage
30/04/2015 09:49:00 (Std) 	[ImageManager] Created image: 'TaharezLook/CheckboxHover' (0x2ee5030) of type: BasicImage
30/04/2015 09:49:00 (Std) 	[ImageManager] Created image: 'TaharezLook/CheckboxMark' (0x2ee5240) of type: BasicImage
30/04/2015 09:49:00 (Std) 	[ImageManager] Created image: 'TaharezLook/RadioButtonNormal' (0x2ee5450) of type: BasicImage
30/04/2015 09:49:00 (Std) 	[ImageManager] Created image: 'TaharezLook/RadioButtonHover' (0x2ee7720) of type: BasicImage
30/04/2015 09:49:00 (Std) 	[ImageManager] Created image: 'TaharezLook/RadioButtonMark' (0x2ee5980) of type: BasicImage
30/04/2015 09:49:00 (Std) 	[ImageManager] Created image: 'TaharezLook/TitlebarLeft' (0x2ee9300) of type: BasicImage
30/04/2015 09:49:00 (Std) 	[ImageManager] Created image: 'TaharezLook/TitlebarMiddle' (0x2ee9510) of type: BasicImage
30/04/2015 09:49:00 (Std) 	[ImageManager] Created image: 'TaharezLook/TitlebarRight' (0x2ee9720) of type: BasicImage
30/04/2015 09:49:00 (Std) 	[ImageManager] Created image: 'TaharezLook/NewTitlebarLeft' (0x2ee9930) of type: BasicImage
30/04/2015 09:49:00 (Std) 	[ImageManager] Created image: 'TaharezLook/NewTitlebarMiddle' (0x2ee9b40) of type: BasicImage
30/04/2015 09:49:00 (Std) 	[ImageManager] Created image: 'TaharezLook/NewTitlebarRight' (0x2ee9d50) of type: BasicImage
30/04/2015 09:49:00 (Std) 	[ImageManager] Created image: 'TaharezLook/SysAreaMiddle' (0x2ee9f60) of type: BasicImage
30/04/2015 09:49:00 (Std) 	[ImageManager] Created image: 'TaharezLook/SysAreaRight' (0x2eea170) of type: BasicImage
30/04/2015 09:49:00 (Std) 	[ImageManager] Created image: 'TaharezLook/StaticLeft' (0x2eea380) of type: BasicImage
30/04/2015 09:49:00 (Std) 	[ImageManager] Created image: 'TaharezLook/StaticRight' (0x2eea590) of type: BasicImage
30/04/2015 09:49:00 (Std) 	[ImageManager] Created image: 'TaharezLook/StaticTop' (0x2eea7a0) of type: BasicImage
30/04/2015 09:49:00 (Std) 	[ImageManager] Created image: 'TaharezLook/StaticBottom' (0x2eea9b0) of type: BasicImage
30/04/2015 09:49:00 (Std) 	[ImageManager] Created image: 'TaharezLook/StaticTopLeft' (0x2eeabc0) of type: BasicImage
30/04/2015 09:49:00 (Std) 	[ImageManager] Created image: 'TaharezLook/StaticTopRight' (0x2eeadd0) of type: BasicImage
30/04/2015 09:49:00 (Std) 	[ImageManager] Created image: 'TaharezLook/StaticBottomLeft' (0x2eeafe0) of type: BasicImage
30/04/2015 09:49:00 (Std) 	[ImageManager] Created image: 'TaharezLook/StaticBottomRight' (0x2eeb1f0) of type: BasicImage
30/04/2015 09:49:00 (Std) 	[ImageManager] Created image: 'TaharezLook/StaticBackdrop' (0x2eeb400) of type: BasicImage
30/04/2015 09:49:00 (Std) 	[ImageManager] Created image: 'TaharezLook/ProgressBarLeft' (0x2eeb610) of type: BasicImage
30/04/2015 09:49:00 (Std) 	[ImageManager] Created image: 'TaharezLook/ProgressBarMiddle' (0x2eeb820) of type: BasicImage
30/04/2015 09:49:00 (Std) 	[ImageManager] Created image: 'TaharezLook/ProgressBarRight' (0x2eeba30) of type: BasicImage
30/04/2015 09:49:00 (Std) 	[ImageManager] Created image: 'TaharezLook/ProgressBarDimSegment' (0x2eebdd0) of type: BasicImage
30/04/2015 09:49:00 (Std) 	[ImageManager] Created image: 'TaharezLook/ProgressBarLitSegment' (0x2ef58a0) of type: BasicImage
30/04/2015 09:49:00 (Std) 	[ImageManager] Created image: 'TaharezLook/EditBoxLeft' (0x2eec3a0) of type: BasicImage
30/04/2015 09:49:00 (Std) 	[ImageManager] Created image: 'TaharezLook/EditBoxMiddle' (0x2eec5b0) of type: BasicImage
30/04/2015 09:49:00 (Std) 	[ImageManager] Created image: 'TaharezLook/EditBoxRight' (0x2eec7c0) of type: BasicImage
30/04/2015 09:49:00 (Std) 	[ImageManager] Created image: 'TaharezLook/EditBoxCaret' (0x2eec9d0) of type: BasicImage
30/04/2015 09:49:00 (Std) 	[ImageManager] Created image: 'TaharezLook/SpinnerUpNormal' (0x2eecbe0) of type: BasicImage
30/04/2015 09:49:00 (Std) 	[ImageManager] Created image: 'TaharezLook/SpinnerDownNormal' (0x2eecdf0) of type: BasicImage
30/04/2015 09:49:00 (Std) 	[ImageManager] Created image: 'TaharezLook/SpinnerUpHover' (0x2eed000) of type: BasicImage
30/04/2015 09:49:00 (Std) 	[ImageManager] Created image: 'TaharezLook/SpinnerDownHover' (0x2eed210) of type: BasicImage
30/04/2015 09:49:00 (Std) 	[ImageManager] Created image: 'TaharezLook/TextSelectionBrush' (0x2eed420) of type: BasicImage
30/04/2015 09:49:00 (Std) 	[ImageManager] Created image: 'TaharezLook/VertScrollTop' (0x2eed630) of type: BasicImage
30/04/2015 09:49:00 (Std) 	[ImageManager] Created image: 'TaharezLook/VertScrollMiddle' (0x2eed840) of type: BasicImage
30/04/2015 09:49:00 (Std) 	[ImageManager] Created image: 'TaharezLook/VertScrollBottom' (0x2eeda50) of type: BasicImage
30/04/2015 09:49:00 (Std) 	[ImageManager] Created image: 'TaharezLook/VertScrollBarSegment' (0x2eedc60) of type: BasicImage
30/04/2015 09:49:00 (Std) 	[ImageManager] Created image: 'TaharezLook/VertScrollThumbNormal' (0x2eedf90) of type: BasicImage
30/04/2015 09:49:00 (Std) 	[ImageManager] Created image: 'TaharezLook/VertScrollThumbHover' (0x2eee2c0) of type: BasicImage
30/04/2015 09:49:00 (Std) 	[ImageManager] Created image: 'TaharezLook/VertScrollUpNormal' (0x2eee5f0) of type: BasicImage
30/04/2015 09:49:00 (Std) 	[ImageManager] Created image: 'TaharezLook/VertScrollDownNormal' (0x2eee800) of type: BasicImage
30/04/2015 09:49:00 (Std) 	[ImageManager] Created image: 'TaharezLook/VertScrollUpHover' (0x2eeeb30) of type: BasicImage
30/04/2015 09:49:00 (Std) 	[ImageManager] Created image: 'TaharezLook/VertScrollDownHover' (0x2eeed40) of type: BasicImage
30/04/2015 09:49:00 (Std) 	[ImageManager] Created image: 'TaharezLook/MiniVertScrollBarSegment' (0x2ee29f0) of type: BasicImage
30/04/2015 09:49:00 (Std) 	[ImageManager] Created image: 'TaharezLook/MiniVertScrollThumbNormal' (0x2f0c130) of type: BasicImage
30/04/2015 09:49:00 (Std) 	[ImageManager] Created image: 'TaharezLook/MiniVertScrollThumbTopNormal' (0x2f0c750) of type: BasicImage
30/04/2015 09:49:00 (Std) 	[ImageManager] Created image: 'TaharezLook/MiniVertScrollThumbMiddleNormal' (0x2f0cb70) of type: BasicImage
30/04/2015 09:49:00 (Std) 	[ImageManager] Created image: 'TaharezLook/MiniVertScrollThumbBottomNormal' (0x2eef0e0) of type: BasicImage
30/04/2015 09:49:00 (Std) 	[ImageManager] Created image: 'TaharezLook/MiniVertScrollThumbTopHover' (0x2f0d170) of type: BasicImage
30/04/2015 09:49:00 (Std) 	[ImageManager] Created image: 'TaharezLook/MiniVertScrollThumbMiddleHover' (0x2f0d590) of type: BasicImage
30/04/2015 09:49:00 (Std) 	[ImageManager] Created image: 'TaharezLook/MiniVertScrollThumbBottomHover' (0x2f0c5c0) of type: BasicImage
30/04/2015 09:49:00 (Std) 	[ImageManager] Created image: 'TaharezLook/MiniVertScrollThumbHover' (0x2f0dd10) of type: BasicImage
30/04/2015 09:49:00 (Std) 	[ImageManager] Created image: 'TaharezLook/MiniVertScrollUpNormal' (0x2f0e060) of type: BasicImage
30/04/2015 09:49:00 (Std) 	[ImageManager] Created image: 'TaharezLook/MiniVertScrollDownNormal' (0x2f0e3b0) of type: BasicImage
30/04/2015 09:49:00 (Std) 	[ImageManager] Created image: 'TaharezLook/MiniVertScrollUpHover' (0x2f0e700) of type: BasicImage
30/04/2015 09:49:00 (Std) 	[ImageManager] Created image: 'TaharezLook/MiniVertScrollDownHover' (0x2f0ea30) of type: BasicImage
30/04/2015 09:49:00 (Std) 	[ImageManager] Created image: 'TaharezLook/VertSliderBody' (0x2f0ed80) of type: BasicImage
30/04/2015 09:49:00 (Std) 	[ImageManager] Created image: 'TaharezLook/VertSliderThumbNormal' (0x2f0ef90) of type: BasicImage
30/04/2015 09:49:00 (Std) 	[ImageManager] Created image: 'TaharezLook/VertSliderThumbHover' (0x2f0f2c0) of type: BasicImage
30/04/2015 09:49:00 (Std) 	[ImageManager] Created image: 'TaharezLook/MiniHorzScrollBarSegment' (0x2f0f5f0) of type: BasicImage
30/04/2015 09:49:00 (Std) 	[ImageManager] Created image: 'TaharezLook/MiniHorzScrollThumbNormal' (0x2f0f940) of type: BasicImage
30/04/2015 09:49:00 (Std) 	[ImageManager] Created image: 'TaharezLook/MiniHorzScrollThumbLeftNormal' (0x2f0fc90) of type: BasicImage
30/04/2015 09:49:00 (Std) 	[ImageManager] Created image: 'TaharezLook/MiniHorzScrollThumbMiddleNormal' (0x2f100b0) of type: BasicImage
30/04/2015 09:49:00 (Std) 	[ImageManager] Created image: 'TaharezLook/MiniHorzScrollThumbRightNormal' (0x2f10440) of type: BasicImage
30/04/2015 09:49:00 (Std) 	[ImageManager] Created image: 'TaharezLook/MiniHorzScrollThumbHover' (0x2f107d0) of type: BasicImage
30/04/2015 09:49:00 (Std) 	[ImageManager] Created image: 'TaharezLook/MiniHorzScrollThumbLeftHover' (0x2f10b20) of type: BasicImage
30/04/2015 09:49:00 (Std) 	[ImageManager] Created image: 'TaharezLook/MiniHorzScrollThumbMiddleHover' (0x2f10e90) of type: BasicImage
30/04/2015 09:49:00 (Std) 	[ImageManager] Created image: 'TaharezLook/MiniHorzScrollThumbRightHover' (0x2f11220) of type: BasicImage
30/04/2015 09:49:00 (Std) 	[ImageManager] Created image: 'TaharezLook/MiniHorzScrollLeftNormal' (0x2f11590) of type: BasicImage
30/04/2015 09:49:00 (Std) 	[ImageManager] Created image: 'TaharezLook/MiniHorzScrollRightNormal' (0x2f118e0) of type: BasicImage
30/04/2015 09:49:00 (Std) 	[ImageManager] Created image: 'TaharezLook/MiniHorzScrollLeftHover' (0x2f11c30) of type: BasicImage
30/04/2015 09:49:00 (Std) 	[ImageManager] Created image: 'TaharezLook/MiniHorzScrollRightHover' (0x2f11f80) of type: BasicImage
30/04/2015 09:49:00 (Std) 	[ImageManager] Created image: 'TaharezLook/ListboxLeft' (0x2f122d0) of type: BasicImage
30/04/2015 09:49:00 (Std) 	[ImageManager] Created image: 'TaharezLook/ListboxRight' (0x2f124e0) of type: BasicImage
30/04/2015 09:49:00 (Std) 	[ImageManager] Created image: 'TaharezLook/ListboxTop' (0x2f126f0) of type: BasicImage
30/04/2015 09:49:00 (Std) 	[ImageManager] Created image: 'TaharezLook/ListboxBottom' (0x2f12900) of type: BasicImage
30/04/2015 09:49:00 (Std) 	[ImageManager] Created image: 'TaharezLook/ListboxTopLeft' (0x2f12b10) of type: BasicImage
30/04/2015 09:49:00 (Std) 	[ImageManager] Created image: 'TaharezLook/ListboxTopRight' (0x2f12d20) of type: BasicImage
30/04/2015 09:49:00 (Std) 	[ImageManager] Created image: 'TaharezLook/ListboxBottomLeft' (0x2f12f30) of type: BasicImage
30/04/2015 09:49:00 (Std) 	[ImageManager] Created image: 'TaharezLook/ListboxBottomRight' (0x2f13140) of type: BasicImage
30/04/2015 09:49:00 (Std) 	[ImageManager] Created image: 'TaharezLook/ListboxBackdrop' (0x2f13350) of type: BasicImage
30/04/2015 09:49:00 (Std) 	[ImageManager] Created image: 'TaharezLook/ListboxSelectionBrush' (0x2f13560) of type: BasicImage
30/04/2015 09:49:00 (Std) 	[ImageManager] Created image: 'TaharezLook/ComboboxEditLeft' (0x2f13890) of type: BasicImage
30/04/2015 09:49:00 (Std) 	[ImageManager] Created image: 'TaharezLook/ComboboxEditMiddle' (0x2f13aa0) of type: BasicImage
30/04/2015 09:49:00 (Std) 	[ImageManager] Created image: 'TaharezLook/ComboboxListButtonNormal' (0x2f13cb0) of type: BasicImage
30/04/2015 09:49:00 (Std) 	[ImageManager] Created image: 'TaharezLook/ComboboxListButtonHover' (0x2f14000) of type: BasicImage
30/04/2015 09:49:00 (Std) 	[ImageManager] Created image: 'TaharezLook/ComboboxListLeft' (0x2f14350) of type: BasicImage
30/04/2015 09:49:00 (Std) 	[ImageManager] Created image: 'TaharezLook/ComboboxListRight' (0x2f14560) of type: BasicImage
30/04/2015 09:49:00 (Std) 	[ImageManager] Created image: 'TaharezLook/ComboboxListTop' (0x2f14770) of type: BasicImage
30/04/2015 09:49:00 (Std) 	[ImageManager] Created image: 'TaharezLook/ComboboxListBottom' (0x2f14980) of type: BasicImage
30/04/2015 09:49:00 (Std) 	[ImageManager] Created image: 'TaharezLook/ComboboxListTopLeft' (0x2f14b90) of type: BasicImage
30/04/2015 09:49:00 (Std) 	[ImageManager] Created image: 'TaharezLook/ComboboxListTopRight' (0x2f14da0) of type: BasicImage
30/04/2015 09:49:00 (Std) 	[ImageManager] Created image: 'TaharezLook/ComboboxListBottomLeft' (0x2f150d0) of type: BasicImage
30/04/2015 09:49:00 (Std) 	[ImageManager] Created image: 'TaharezLook/ComboboxListBottomRight' (0x2f15420) of type: BasicImage
30/04/2015 09:49:00 (Std) 	[ImageManager] Created image: 'TaharezLook/ComboboxListBackdrop' (0x2f15770) of type: BasicImage
30/04/2015 09:49:00 (Std) 	[ImageManager] Created image: 'TaharezLook/ComboboxSelectionBrush' (0x2f15aa0) of type: BasicImage
30/04/2015 09:49:00 (Std) 	[ImageManager] Created image: 'TaharezLook/ComboboxDividerLeft' (0x2f15df0) of type: BasicImage
30/04/2015 09:49:00 (Std) 	[ImageManager] Created image: 'TaharezLook/ComboboxDividerMiddle' (0x2f16000) of type: BasicImage
30/04/2015 09:49:00 (Std) 	[ImageManager] Created image: 'TaharezLook/ComboboxDividerRight' (0x2f16330) of type: BasicImage
30/04/2015 09:49:00 (Std) 	[ImageManager] Created image: 'TaharezLook/HeaderBarBackdropNormal' (0x2f16660) of type: BasicImage
30/04/2015 09:49:00 (Std) 	[ImageManager] Created image: 'TaharezLook/HeaderBarBackdropHover' (0x2f169b0) of type: BasicImage
30/04/2015 09:49:00 (Std) 	[ImageManager] Created image: 'TaharezLook/HeaderBarSplitterNormal' (0x2f16d00) of type: BasicImage
30/04/2015 09:49:00 (Std) 	[ImageManager] Created image: 'TaharezLook/HeaderBarSplitterHover' (0x2f17050) of type: BasicImage
30/04/2015 09:49:00 (Std) 	[ImageManager] Created image: 'TaharezLook/HeaderBarSortUp' (0x2f173a0) of type: BasicImage
30/04/2015 09:49:00 (Std) 	[ImageManager] Created image: 'TaharezLook/HeaderBarSortDown' (0x2f175b0) of type: BasicImage
30/04/2015 09:49:00 (Std) 	[ImageManager] Created image: 'TaharezLook/MultiListLeft' (0x2f177c0) of type: BasicImage
30/04/2015 09:49:00 (Std) 	[ImageManager] Created image: 'TaharezLook/MultiListRight' (0x2f179d0) of type: BasicImage
30/04/2015 09:49:00 (Std) 	[ImageManager] Created image: 'TaharezLook/MultiListTop' (0x2f17be0) of type: BasicImage
30/04/2015 09:49:00 (Std) 	[ImageManager] Created image: 'TaharezLook/MultiListBottom' (0x2f17df0) of type: BasicImage
30/04/2015 09:49:00 (Std) 	[ImageManager] Created image: 'TaharezLook/MultiListTopLeft' (0x2f18000) of type: BasicImage
30/04/2015 09:49:00 (Std) 	[ImageManager] Created image: 'TaharezLook/MultiListTopRight' (0x2f18210) of type: BasicImage
30/04/2015 09:49:00 (Std) 	[ImageManager] Created image: 'TaharezLook/MultiListBottomLeft' (0x2f18420) of type: BasicImage
30/04/2015 09:49:00 (Std) 	[ImageManager] Created image: 'TaharezLook/MultiListBottomRight' (0x2f18630) of type: BasicImage
30/04/2015 09:49:00 (Std) 	[ImageManager] Created image: 'TaharezLook/MultiListBackdrop' (0x2f18960) of type: BasicImage
30/04/2015 09:49:00 (Std) 	[ImageManager] Created image: 'TaharezLook/MultiListSelectionBrush' (0x2f18b70) of type: BasicImage
30/04/2015 09:49:00 (Std) 	[ImageManager] Created image: 'TaharezLook/AltProgressLeft' (0x2f18ec0) of type: BasicImage
30/04/2015 09:49:00 (Std) 	[ImageManager] Created image: 'TaharezLook/AltProgressMiddle' (0x2f190d0) of type: BasicImage
30/04/2015 09:49:00 (Std) 	[ImageManager] Created image: 'TaharezLook/AltProgressRight' (0x2f192e0) of type: BasicImage
30/04/2015 09:49:00 (Std) 	[ImageManager] Created image: 'TaharezLook/AltProgressQuarter' (0x2f194f0) of type: BasicImage
30/04/2015 09:49:00 (Std) 	[ImageManager] Created image: 'TaharezLook/AltProgressHalf' (0x2f59760) of type: BasicImage
30/04/2015 09:49:00 (Std) 	[ImageManager] Created image: 'TaharezLook/AltProgressLight1' (0x2f59970) of type: BasicImage
30/04/2015 09:49:00 (Std) 	[ImageManager] Created image: 'TaharezLook/AltProgressLight2' (0x2f59b80) of type: BasicImage
30/04/2015 09:49:00 (Std) 	[ImageManager] Created image: 'TaharezLook/AltProgressLight3' (0x2f59d90) of type: BasicImage
30/04/2015 09:49:00 (Std) 	[ImageManager] Created image: 'TaharezLook/AltProgressLight4' (0x2f59fa0) of type: BasicImage
30/04/2015 09:49:00 (Std) 	[ImageManager] Created image: 'TaharezLook/AltProgressLight5' (0x2f5a1b0) of type: BasicImage
30/04/2015 09:49:00 (Std) 	[ImageManager] Created image: 'TaharezLook/AltProgressLight6' (0x2f5a3c0) of type: BasicImage
30/04/2015 09:49:00 (Std) 	[ImageManager] Created image: 'TaharezLook/AltProgressLight7' (0x2f5a5d0) of type: BasicImage
30/04/2015 09:49:00 (Std) 	[ImageManager] Created image: 'TaharezLook/AltProgressLight8' (0x2f5a7e0) of type: BasicImage
30/04/2015 09:49:00 (Std) 	[ImageManager] Created image: 'TaharezLook/AltProgressLight9' (0x2f5a9f0) of type: BasicImage
30/04/2015 09:49:00 (Std) 	[ImageManager] Created image: 'TaharezLook/AltProgressLight10' (0x2f5ac00) of type: BasicImage
30/04/2015 09:49:00 (Std) 	[ImageManager] Created image: 'TaharezLook/CloseButtonNormal' (0x2f5ae10) of type: BasicImage
30/04/2015 09:49:00 (Std) 	[ImageManager] Created image: 'TaharezLook/CloseButtonHover' (0x2f5b020) of type: BasicImage
30/04/2015 09:49:00 (Std) 	[ImageManager] Created image: 'TaharezLook/CloseButtonPressed' (0x2f5b230) of type: BasicImage
30/04/2015 09:49:00 (Std) 	[ImageManager] Created image: 'TaharezLook/NewCloseButtonNormal' (0x2f5b440) of type: BasicImage
30/04/2015 09:49:00 (Std) 	[ImageManager] Created image: 'TaharezLook/NewCloseButtonHover' (0x2f5b6e0) of type: BasicImage
30/04/2015 09:49:00 (Std) 	[ImageManager] Created image: 'TaharezLook/NewCloseButtonPressed' (0x2f5b8f0) of type: BasicImage
30/04/2015 09:49:00 (Std) 	[ImageManager] Created image: 'TaharezLook/MultiLineEditboxLeft' (0x2f5bc20) of type: BasicImage
30/04/2015 09:49:00 (Std) 	[ImageManager] Created image: 'TaharezLook/MultiLineEditboxRight' (0x2f5bf50) of type: BasicImage
30/04/2015 09:49:00 (Std) 	[ImageManager] Created image: 'TaharezLook/MultiLineEditboxTop' (0x2f5c280) of type: BasicImage
30/04/2015 09:49:00 (Std) 	[ImageManager] Created image: 'TaharezLook/MultiLineEditboxBottom' (0x2f5c490) of type: BasicImage
30/04/2015 09:49:00 (Std) 	[ImageManager] Created image: 'TaharezLook/MultiLineEditboxTopLeft' (0x2f5c7e0) of type: BasicImage
30/04/2015 09:49:00 (Std) 	[ImageManager] Created image: 'TaharezLook/MultiLineEditboxTopRight' (0x2f5cb30) of type: BasicImage
30/04/2015 09:49:00 (Std) 	[ImageManager] Created image: 'TaharezLook/MultiLineEditboxBottomLeft' (0x2f5ce80) of type: BasicImage
30/04/2015 09:49:00 (Std) 	[ImageManager] Created image: 'TaharezLook/MultiLineEditboxBottomRight' (0x2f5d1f0) of type: BasicImage
30/04/2015 09:49:00 (Std) 	[ImageManager] Created image: 'TaharezLook/MultiLineEditboxBackdrop' (0x2f5d560) of type: BasicImage
30/04/2015 09:49:00 (Std) 	[ImageManager] Created image: 'TaharezLook/MultiLineEditboxSelectionBrush' (0x2f5d8b0) of type: BasicImage
30/04/2015 09:49:00 (Std) 	[ImageManager] Created image: 'TaharezLook/MouseTarget' (0x2f5e1c0) of type: BasicImage
30/04/2015 09:49:00 (Std) 	[ImageManager] Created image: 'TaharezLook/MouseArrow' (0x2f5db80) of type: BasicImage
30/04/2015 09:49:00 (Std) 	[ImageManager] Created image: 'TaharezLook/MouseMoveCursor' (0x2f5e710) of type: BasicImage
30/04/2015 09:49:00 (Std) 	[ImageManager] Created image: 'TaharezLook/MouseNoSoCursor' (0x2f5e920) of type: BasicImage
30/04/2015 09:49:00 (Std) 	[ImageManager] Created image: 'TaharezLook/MouseEsWeCursor' (0x2f5eb30) of type: BasicImage
30/04/2015 09:49:00 (Std) 	[ImageManager] Created image: 'TaharezLook/MouseNeSwCursor' (0x2f5ed40) of type: BasicImage
30/04/2015 09:49:00 (Std) 	[ImageManager] Created image: 'TaharezLook/MouseNwSeCursor' (0x2f5ef50) of type: BasicImage
30/04/2015 09:49:00 (Std) 	[ImageManager] Created image: 'TaharezLook/MouseTextBar' (0x2f5f160) of type: BasicImage
30/04/2015 09:49:00 (Std) 	[ImageManager] Created image: 'TaharezLook/TabHorizontalFiller' (0x2ee5660) of type: BasicImage
30/04/2015 09:49:00 (Std) 	[ImageManager] Created image: 'TaharezLook/TabContentPaneUpperLeft' (0x2f5dd90) of type: BasicImage
30/04/2015 09:49:00 (Std) 	[ImageManager] Created image: 'TaharezLook/TabContentPaneUpper' (0x2f5f370) of type: BasicImage
30/04/2015 09:49:00 (Std) 	[ImageManager] Created image: 'TaharezLook/TabContentPaneUpperRight' (0x2f5f580) of type: BasicImage
30/04/2015 09:49:00 (Std) 	[ImageManager] Created image: 'TaharezLook/TabContentPaneLeft' (0x2f5f8d0) of type: BasicImage
30/04/2015 09:49:00 (Std) 	[ImageManager] Created image: 'TaharezLook/TabContentPaneRight' (0x2f5fae0) of type: BasicImage
30/04/2015 09:49:00 (Std) 	[ImageManager] Created image: 'TaharezLook/TabContentPaneLower' (0x2f5fcf0) of type: BasicImage
30/04/2015 09:49:00 (Std) 	[ImageManager] Created image: 'TaharezLook/TabContentPaneLowerLeft' (0x2f5ff00) of type: BasicImage
30/04/2015 09:49:00 (Std) 	[ImageManager] Created image: 'TaharezLook/TabContentPaneLowerRight' (0x2f60250) of type: BasicImage
30/04/2015 09:49:00 (Std) 	[ImageManager] Created image: 'TaharezLook/TabContentPaneMiddle' (0x2f605a0) of type: BasicImage
30/04/2015 09:49:00 (Std) 	[ImageManager] Created image: 'TaharezLook/TabButtonScrollLeftNormal' (0x2f608d0) of type: BasicImage
30/04/2015 09:49:00 (Std) 	[ImageManager] Created image: 'TaharezLook/TabButtonScrollRightNormal' (0x2f60c20) of type: BasicImage
30/04/2015 09:49:00 (Std) 	[ImageManager] Created image: 'TaharezLook/TabButtonScrollLeftHover' (0x2f60f90) of type: BasicImage
30/04/2015 09:49:00 (Std) 	[ImageManager] Created image: 'TaharezLook/TabButtonScrollRightHover' (0x2f612e0) of type: BasicImage
30/04/2015 09:49:00 (Std) 	[ImageManager] Created image: 'TaharezLook/TabButtonLeftNormal' (0x2f61630) of type: BasicImage
30/04/2015 09:49:00 (Std) 	[ImageManager] Created image: 'TaharezLook/TabButtonRightNormal' (0x2f61840) of type: BasicImage
30/04/2015 09:49:00 (Std) 	[ImageManager] Created image: 'TaharezLook/TabButtonUpperNormal' (0x2f61b70) of type: BasicImage
30/04/2015 09:49:00 (Std) 	[ImageManager] Created image: 'TaharezLook/TabButtonLowerNormal' (0x2f61ea0) of type: BasicImage
30/04/2015 09:49:00 (Std) 	[ImageManager] Created image: 'TaharezLook/TabButtonUpperLeftNormal' (0x2f621d0) of type: BasicImage
30/04/2015 09:49:00 (Std) 	[ImageManager] Created image: 'TaharezLook/TabButtonUpperLeft2Normal' (0x2f62520) of type: BasicImage
30/04/2015 09:49:00 (Std) 	[ImageManager] Created image: 'TaharezLook/TabButtonUpperRightNormal' (0x2f62870) of type: BasicImage
30/04/2015 09:49:00 (Std) 	[ImageManager] Created image: 'TaharezLook/TabButtonLowerLeftNormal' (0x2f62bc0) of type: BasicImage
30/04/2015 09:49:00 (Std) 	[ImageManager] Created image: 'TaharezLook/TabButtonLowerRightNormal' (0x2f62f10) of type: BasicImage
30/04/2015 09:49:00 (Std) 	[ImageManager] Created image: 'TaharezLook/TabButtonLowerRight2Normal' (0x2f63260) of type: BasicImage
30/04/2015 09:49:00 (Std) 	[ImageManager] Created image: 'TaharezLook/TabButtonMiddleNormal' (0x2f635d0) of type: BasicImage
30/04/2015 09:49:00 (Std) 	[ImageManager] Created image: 'TaharezLook/TabButtonLeftSelected' (0x2f63900) of type: BasicImage
30/04/2015 09:49:00 (Std) 	[ImageManager] Created image: 'TaharezLook/TabButtonRightSelected' (0x2f63c30) of type: BasicImage
30/04/2015 09:49:00 (Std) 	[ImageManager] Created image: 'TaharezLook/TabButtonUpperSelected' (0x2f63f80) of type: BasicImage
30/04/2015 09:49:00 (Std) 	[ImageManager] Created image: 'TaharezLook/TabButtonLowerSelected' (0x2f642d0) of type: BasicImage
30/04/2015 09:49:00 (Std) 	[ImageManager] Created image: 'TaharezLook/TabButtonUpperLeftSelected' (0x2f64620) of type: BasicImage
30/04/2015 09:49:00 (Std) 	[ImageManager] Created image: 'TaharezLook/TabButtonUpperRightSelected' (0x2f64990) of type: BasicImage
30/04/2015 09:49:00 (Std) 	[ImageManager] Created image: 'TaharezLook/TabButtonLowerLeftSelected' (0x2f64d00) of type: BasicImage
30/04/2015 09:49:00 (Std) 	[ImageManager] Created image: 'TaharezLook/TabButtonLowerRightSelected' (0x2f65070) of type: BasicImage
30/04/2015 09:49:00 (Std) 	[ImageManager] Created image: 'TaharezLook/TabButtonMiddleSelected' (0x2f653e0) of type: BasicImage
30/04/2015 09:49:00 (Std) 	[ImageManager] Created image: 'TaharezLook/TooltipTopLeft' (0x2f65730) of type: BasicImage
30/04/2015 09:49:00 (Std) 	[ImageManager] Created image: 'TaharezLook/TooltipTopRight' (0x2f65940) of type: BasicImage
30/04/2015 09:49:00 (Std) 	[ImageManager] Created image: 'TaharezLook/TooltipBottomLeft' (0x2f65b50) of type: BasicImage
30/04/2015 09:49:00 (Std) 	[ImageManager] Created image: 'TaharezLook/TooltipBottomRight' (0x2f65d60) of type: BasicImage
30/04/2015 09:49:00 (Std) 	[ImageManager] Created image: 'TaharezLook/TooltipLeftEdge' (0x2f65f70) of type: BasicImage
30/04/2015 09:49:00 (Std) 	[ImageManager] Created image: 'TaharezLook/TooltipRightEdge' (0x2f66180) of type: BasicImage
30/04/2015 09:49:00 (Std) 	[ImageManager] Created image: 'TaharezLook/TooltipTopEdge' (0x2f66390) of type: BasicImage
30/04/2015 09:49:00 (Std) 	[ImageManager] Created image: 'TaharezLook/TooltipBottomEdge' (0x2f665a0) of type: BasicImage
30/04/2015 09:49:00 (Std) 	[ImageManager] Created image: 'TaharezLook/TooltipMiddle' (0x2f667b0) of type: BasicImage
30/04/2015 09:49:00 (Std) 	[ImageManager] Created image: 'TaharezLook/MenuTopLeft' (0x2f669c0) of type: BasicImage
30/04/2015 09:49:00 (Std) 	[ImageManager] Created image: 'TaharezLook/MenuTopRight' (0x2f66bd0) of type: BasicImage
30/04/2015 09:49:00 (Std) 	[ImageManager] Created image: 'TaharezLook/MenuBottomLeft' (0x2f66de0) of type: BasicImage
30/04/2015 09:49:00 (Std) 	[ImageManager] Created image: 'TaharezLook/MenuBottomRight' (0x2f66ff0) of type: BasicImage
30/04/2015 09:49:00 (Std) 	[ImageManager] Created image: 'TaharezLook/MenuLeft' (0x2f67200) of type: BasicImage
30/04/2015 09:49:00 (Std) 	[ImageManager] Created image: 'TaharezLook/MenuRight' (0x2f67410) of type: BasicImage
30/04/2015 09:49:00 (Std) 	[ImageManager] Created image: 'TaharezLook/MenuTop' (0x2f67620) of type: BasicImage
30/04/2015 09:49:00 (Std) 	[ImageManager] Created image: 'TaharezLook/MenuBottom' (0x2f67830) of type: BasicImage
30/04/2015 09:49:00 (Std) 	[ImageManager] Created image: 'TaharezLook/MenuMiddle' (0x2f67a40) of type: BasicImage
30/04/2015 09:49:00 (Std) 	[ImageManager] Created image: 'TaharezLook/PopupMenuFrameTopLeft' (0x2f67c50) of type: BasicImage
30/04/2015 09:49:00 (Std) 	[ImageManager] Created image: 'TaharezLook/PopupMenuFrameTopRight' (0x2f67f80) of type: BasicImage
30/04/2015 09:49:00 (Std) 	[ImageManager] Created image: 'TaharezLook/PopupMenuFrameBottomLeft' (0x2f682d0) of type: BasicImage
30/04/2015 09:49:00 (Std) 	[ImageManager] Created image: 'TaharezLook/PopupMenuFrameBottomRight' (0x2f68620) of type: BasicImage
30/04/2015 09:49:00 (Std) 	[ImageManager] Created image: 'TaharezLook/PopupMenuFrameLeft' (0x2f68970) of type: BasicImage
30/04/2015 09:49:00 (Std) 	[ImageManager] Created image: 'TaharezLook/PopupMenuFrameRight' (0x2f68b80) of type: BasicImage
30/04/2015 09:49:00 (Std) 	[ImageManager] Created image: 'TaharezLook/PopupMenuFrameTop' (0x2f68d90) of type: BasicImage
30/04/2015 09:49:00 (Std) 	[ImageManager] Created image: 'TaharezLook/PopupMenuFrameBottom' (0x2f68fa0) of type: BasicImage
30/04/2015 09:49:00 (Std) 	[ImageManager] Created image: 'TaharezLook/PopupMenuMiddle' (0x2f692d0) of type: BasicImage
30/04/2015 09:49:00 (Std) 	[ImageManager] Created image: 'TaharezLook/PopupMenuArrowRight' (0x2f694e0) of type: BasicImage
30/04/2015 09:49:00 (Std) 	[ImageManager] Created image: 'TaharezLook/PopupMenuArrowLeft' (0x2f696f0) of type: BasicImage
30/04/2015 09:49:00 (Std) 	[ImageManager] Created image: 'TaharezLook/TreeListClosed' (0x2f69900) of type: BasicImage
30/04/2015 09:49:00 (Std) 	[ImageManager] Created image: 'TaharezLook/TreeListOpened' (0x2f69b10) of type: BasicImage
30/04/2015 09:49:00 (Std) 	===== Falagard 'root' element: look and feel parsing begins =====
30/04/2015 09:49:00 (Std) 	===== Look and feel parsing completed =====
30/04/2015 09:49:00 (Std) 	No window renderer factories specified for module 'CEGUICoreWindowRendererSet' - adding all available factories...
30/04/2015 09:49:00 (Std) 	Created WindowRendererFactory for 'Core/Button' WindowRenderers.
30/04/2015 09:49:00 (Std) 	WindowRendererFactory 'Core/Button' added. (0x3317390)
30/04/2015 09:49:00 (Std) 	Created WindowRendererFactory for 'Core/Default' WindowRenderers.
30/04/2015 09:49:00 (Std) 	WindowRendererFactory 'Core/Default' added. (0x32f3c00)
30/04/2015 09:49:00 (Std) 	Created WindowRendererFactory for 'Core/Editbox' WindowRenderers.
30/04/2015 09:49:00 (Std) 	WindowRendererFactory 'Core/Editbox' added. (0x331bcb0)
30/04/2015 09:49:00 (Std) 	Created WindowRendererFactory for 'Core/FrameWindow' WindowRenderers.
30/04/2015 09:49:00 (Std) 	WindowRendererFactory 'Core/FrameWindow' added. (0x331be50)
30/04/2015 09:49:00 (Std) 	Created WindowRendererFactory for 'Core/ItemEntry' WindowRenderers.
30/04/2015 09:49:00 (Std) 	WindowRendererFactory 'Core/ItemEntry' added. (0x2ee27b0)
30/04/2015 09:49:00 (Std) 	Created WindowRendererFactory for 'Core/ListHeader' WindowRenderers.
30/04/2015 09:49:00 (Std) 	WindowRendererFactory 'Core/ListHeader' added. (0x32f6cc0)
30/04/2015 09:49:00 (Std) 	Created WindowRendererFactory for 'Core/ListHeaderSegment' WindowRenderers.
30/04/2015 09:49:00 (Std) 	WindowRendererFactory 'Core/ListHeaderSegment' added. (0x32f6e60)
30/04/2015 09:49:00 (Std) 	Created WindowRendererFactory for 'Core/Listbox' WindowRenderers.
30/04/2015 09:49:00 (Std) 	WindowRendererFactory 'Core/Listbox' added. (0x32f6f20)
30/04/2015 09:49:00 (Std) 	Created WindowRendererFactory for 'Core/Menubar' WindowRenderers.
30/04/2015 09:49:00 (Std) 	WindowRendererFactory 'Core/Menubar' added. (0x2ee8c40)
30/04/2015 09:49:00 (Std) 	Created WindowRendererFactory for 'Core/MenuItem' WindowRenderers.
30/04/2015 09:49:00 (Std) 	WindowRendererFactory 'Core/MenuItem' added. (0x327d550)
30/04/2015 09:49:00 (Std) 	Created WindowRendererFactory for 'Core/MultiColumnList' WindowRenderers.
30/04/2015 09:49:00 (Std) 	WindowRendererFactory 'Core/MultiColumnList' added. (0x327d6f0)
30/04/2015 09:49:00 (Std) 	Created WindowRendererFactory for 'Core/MultiLineEditbox' WindowRenderers.
30/04/2015 09:49:00 (Std) 	WindowRendererFactory 'Core/MultiLineEditbox' added. (0x327d890)
30/04/2015 09:49:00 (Std) 	Created WindowRendererFactory for 'Core/PopupMenu' WindowRenderers.
30/04/2015 09:49:00 (Std) 	WindowRendererFactory 'Core/PopupMenu' added. (0x317a740)
30/04/2015 09:49:00 (Std) 	Created WindowRendererFactory for 'Core/ProgressBar' WindowRenderers.
30/04/2015 09:49:00 (Std) 	WindowRendererFactory 'Core/ProgressBar' added. (0x317a8e0)
30/04/2015 09:49:00 (Std) 	Created WindowRendererFactory for 'Core/ScrollablePane' WindowRenderers.
30/04/2015 09:49:00 (Std) 	WindowRendererFactory 'Core/ScrollablePane' added. (0x317a9a0)
30/04/2015 09:49:00 (Std) 	Created WindowRendererFactory for 'Core/Scrollbar' WindowRenderers.
30/04/2015 09:49:00 (Std) 	WindowRendererFactory 'Core/Scrollbar' added. (0x2eef480)
30/04/2015 09:49:00 (Std) 	Created WindowRendererFactory for 'Core/Slider' WindowRenderers.
30/04/2015 09:49:00 (Std) 	WindowRendererFactory 'Core/Slider' added. (0x2eef620)
30/04/2015 09:49:00 (Std) 	Created WindowRendererFactory for 'Core/Static' WindowRenderers.
30/04/2015 09:49:00 (Std) 	WindowRendererFactory 'Core/Static' added. (0x30deae0)
30/04/2015 09:49:00 (Std) 	Created WindowRendererFactory for 'Core/StaticImage' WindowRenderers.
30/04/2015 09:49:00 (Std) 	WindowRendererFactory 'Core/StaticImage' added. (0x331b300)
30/04/2015 09:49:00 (Std) 	Created WindowRendererFactory for 'Core/StaticText' WindowRenderers.
30/04/2015 09:49:00 (Std) 	WindowRendererFactory 'Core/StaticText' added. (0x331b4a0)
30/04/2015 09:49:00 (Std) 	Created WindowRendererFactory for 'Core/TabButton' WindowRenderers.
30/04/2015 09:49:00 (Std) 	WindowRendererFactory 'Core/TabButton' added. (0x331b640)
30/04/2015 09:49:00 (Std) 	Created WindowRendererFactory for 'Core/TabControl' WindowRenderers.
30/04/2015 09:49:00 (Std) 	WindowRendererFactory 'Core/TabControl' added. (0x3318d00)
30/04/2015 09:49:00 (Std) 	Created WindowRendererFactory for 'Core/Titlebar' WindowRenderers.
30/04/2015 09:49:00 (Std) 	WindowRendererFactory 'Core/Titlebar' added. (0x3318ea0)
30/04/2015 09:49:00 (Std) 	Created WindowRendererFactory for 'Core/ToggleButton' WindowRenderers.
30/04/2015 09:49:00 (Std) 	WindowRendererFactory 'Core/ToggleButton' added. (0x331a560)
30/04/2015 09:49:00 (Std) 	Created WindowRendererFactory for 'Core/Tooltip' WindowRenderers.
30/04/2015 09:49:00 (Std) 	WindowRendererFactory 'Core/Tooltip' added. (0x331a700)
30/04/2015 09:49:00 (Std) 	Created WindowRendererFactory for 'Core/ItemListbox' WindowRenderers.
30/04/2015 09:49:00 (Std) 	WindowRendererFactory 'Core/ItemListbox' added. (0x331a8a0)
30/04/2015 09:49:00 (Std) 	Created WindowRendererFactory for 'Core/Tree' WindowRenderers.
30/04/2015 09:49:00 (Std) 	WindowRendererFactory 'Core/Tree' added. (0x331aa40)
30/04/2015 09:49:00 (Std) 	Creating falagard mapping for type 'TaharezLook/Label' using base type 'DefaultWindow', window renderer 'Core/Default' Look'N'Feel 'TaharezLook/Label' and RenderEffect ''. (0x7fffd2406c40)
30/04/2015 09:49:00 (Std) 	Creating falagard mapping for type 'TaharezLook/Button' using base type 'CEGUI/PushButton', window renderer 'Core/Button' Look'N'Feel 'TaharezLook/Button' and RenderEffect ''. (0x7fffd2406c40)
30/04/2015 09:49:00 (Std) 	Creating falagard mapping for type 'TaharezLook/Checkbox' using base type 'CEGUI/ToggleButton', window renderer 'Core/ToggleButton' Look'N'Feel 'TaharezLook/Checkbox' and RenderEffect ''. (0x7fffd2406c40)
30/04/2015 09:49:00 (Std) 	Creating falagard mapping for type 'TaharezLook/ImageButton' using base type 'CEGUI/PushButton', window renderer 'Core/Button' Look'N'Feel 'TaharezLook/ImageButton' and RenderEffect ''. (0x7fffd2406c40)
30/04/2015 09:49:00 (Std) 	Creating falagard mapping for type 'TaharezLook/RadioButton' using base type 'CEGUI/RadioButton', window renderer 'Core/ToggleButton' Look'N'Feel 'TaharezLook/RadioButton' and RenderEffect ''. (0x7fffd2406c40)
30/04/2015 09:49:00 (Std) 	Creating falagard mapping for type 'TaharezLook/FrameWindow' using base type 'CEGUI/FrameWindow', window renderer 'Core/FrameWindow' Look'N'Feel 'TaharezLook/FrameWindow' and RenderEffect ''. (0x7fffd2406c40)
30/04/2015 09:49:00 (Std) 	Creating falagard mapping for type 'TaharezLook/Titlebar' using base type 'CEGUI/Titlebar', window renderer 'Core/Titlebar' Look'N'Feel 'TaharezLook/Titlebar' and RenderEffect ''. (0x7fffd2406c40)
30/04/2015 09:49:00 (Std) 	Creating falagard mapping for type 'TaharezLook/Editbox' using base type 'CEGUI/Editbox', window renderer 'Core/Editbox' Look'N'Feel 'TaharezLook/Editbox' and RenderEffect ''. (0x7fffd2406c40)
30/04/2015 09:49:00 (Std) 	Creating falagard mapping for type 'TaharezLook/MultiLineEditbox' using base type 'CEGUI/MultiLineEditbox', window renderer 'Core/MultiLineEditbox' Look'N'Feel 'TaharezLook/MultiLineEditbox' and RenderEffect ''. (0x7fffd2406c40)
30/04/2015 09:49:00 (Std) 	Creating falagard mapping for type 'TaharezLook/Menubar' using base type 'CEGUI/Menubar', window renderer 'Core/Menubar' Look'N'Feel 'TaharezLook/Menubar' and RenderEffect ''. (0x7fffd2406c40)
30/04/2015 09:49:00 (Std) 	Creating falagard mapping for type 'TaharezLook/PopupMenu' using base type 'CEGUI/PopupMenu', window renderer 'Core/PopupMenu' Look'N'Feel 'TaharezLook/PopupMenu' and RenderEffect ''. (0x7fffd2406c40)
30/04/2015 09:49:00 (Std) 	Creating falagard mapping for type 'TaharezLook/MenuItem' using base type 'CEGUI/MenuItem', window renderer 'Core/MenuItem' Look'N'Feel 'TaharezLook/MenuItem' and RenderEffect ''. (0x7fffd2406c40)
30/04/2015 09:49:00 (Std) 	Creating falagard mapping for type 'TaharezLook/AlternateProgressBar' using base type 'CEGUI/ProgressBar', window renderer 'Core/ProgressBar' Look'N'Feel 'TaharezLook/AltProgressBar' and RenderEffect ''. (0x7fffd2406c40)
30/04/2015 09:49:00 (Std) 	Creating falagard mapping for type 'TaharezLook/ProgressBar' using base type 'CEGUI/ProgressBar', window renderer 'Core/ProgressBar' Look'N'Feel 'TaharezLook/ProgressBar' and RenderEffect ''. (0x7fffd2406c40)
30/04/2015 09:49:00 (Std) 	Creating falagard mapping for type 'TaharezLook/VUMeter' using base type 'CEGUI/ProgressBar', window renderer 'Core/ProgressBar' Look'N'Feel 'TaharezLook/VUMeter' and RenderEffect ''. (0x7fffd2406c40)
30/04/2015 09:49:00 (Std) 	Creating falagard mapping for type 'TaharezLook/VerticalScrollbar' using base type 'CEGUI/Scrollbar', window renderer 'Core/Scrollbar' Look'N'Feel 'TaharezLook/VerticalScrollbar' and RenderEffect ''. (0x7fffd2406c40)
30/04/2015 09:49:00 (Std) 	Creating falagard mapping for type 'TaharezLook/HorizontalScrollbar' using base type 'CEGUI/Scrollbar', window renderer 'Core/Scrollbar' Look'N'Feel 'TaharezLook/HorizontalScrollbar' and RenderEffect ''. (0x7fffd2406c40)
30/04/2015 09:49:00 (Std) 	Creating falagard mapping for type 'TaharezLook/VerticalScrollbarThumb' using base type 'CEGUI/Thumb', window renderer 'Core/Button' Look'N'Feel 'TaharezLook/VerticalScrollbarThumb' and RenderEffect ''. (0x7fffd2406c40)
30/04/2015 09:49:00 (Std) 	Creating falagard mapping for type 'TaharezLook/HorizontalScrollbarThumb' using base type 'CEGUI/Thumb', window renderer 'Core/Button' Look'N'Feel 'TaharezLook/HorizontalScrollbarThumb' and RenderEffect ''. (0x7fffd2406c40)
30/04/2015 09:49:00 (Std) 	Creating falagard mapping for type 'TaharezLook/LargeVerticalScrollbar' using base type 'CEGUI/Scrollbar', window renderer 'Core/Scrollbar' Look'N'Feel 'TaharezLook/LargeVerticalScrollbar' and RenderEffect ''. (0x7fffd2406c40)
30/04/2015 09:49:00 (Std) 	Creating falagard mapping for type 'TaharezLook/LargeVerticalScrollbarThumb' using base type 'CEGUI/Thumb', window renderer 'Core/Button' Look'N'Feel 'TaharezLook/LargeVerticalScrollbarThumb' and RenderEffect ''. (0x7fffd2406c40)
30/04/2015 09:49:00 (Std) 	Creating falagard mapping for type 'TaharezLook/TabButton' using base type 'CEGUI/TabButton', window renderer 'Core/TabButton' Look'N'Feel 'TaharezLook/TabButton' and RenderEffect ''. (0x7fffd2406c40)
30/04/2015 09:49:00 (Std) 	Creating falagard mapping for type 'TaharezLook/TabControl' using base type 'CEGUI/TabControl', window renderer 'Core/TabControl' Look'N'Feel 'TaharezLook/TabControl' and RenderEffect ''. (0x7fffd2406c40)
30/04/2015 09:49:00 (Std) 	Creating falagard mapping for type 'TaharezLook/TabContentPane' using base type 'DefaultWindow', window renderer 'Core/Default' Look'N'Feel 'TaharezLook/TabContentPane' and RenderEffect ''. (0x7fffd2406c40)
30/04/2015 09:49:00 (Std) 	Creating falagard mapping for type 'TaharezLook/TabButtonPane' using base type 'DefaultWindow', window renderer 'Core/Default' Look'N'Feel 'TaharezLook/TabButtonPane' and RenderEffect ''. (0x7fffd2406c40)
30/04/2015 09:49:00 (Std) 	Creating falagard mapping for type 'TaharezLook/ComboDropList' using base type 'CEGUI/ComboDropList', window renderer 'Core/Listbox' Look'N'Feel 'TaharezLook/ComboDropList' and RenderEffect ''. (0x7fffd2406c40)
30/04/2015 09:49:00 (Std) 	Creating falagard mapping for type 'TaharezLook/ComboEditbox' using base type 'CEGUI/Editbox', window renderer 'Core/Editbox' Look'N'Feel 'TaharezLook/ComboEditbox' and RenderEffect ''. (0x7fffd2406c40)
30/04/2015 09:49:00 (Std) 	Creating falagard mapping for type 'TaharezLook/Combobox' using base type 'CEGUI/Combobox', window renderer 'Core/Default' Look'N'Feel 'TaharezLook/Combobox' and RenderEffect ''. (0x7fffd2406c40)
30/04/2015 09:49:00 (Std) 	Creating falagard mapping for type 'TaharezLook/Listbox' using base type 'CEGUI/Listbox', window renderer 'Core/Listbox' Look'N'Feel 'TaharezLook/Listbox' and RenderEffect ''. (0x7fffd2406c40)
30/04/2015 09:49:00 (Std) 	Creating falagard mapping for type 'TaharezLook/ListHeader' using base type 'CEGUI/ListHeader', window renderer 'Core/ListHeader' Look'N'Feel 'TaharezLook/ListHeader' and RenderEffect ''. (0x7fffd2406c40)
30/04/2015 09:49:00 (Std) 	Creating falagard mapping for type 'TaharezLook/ListHeaderSegment' using base type 'CEGUI/ListHeaderSegment', window renderer 'Core/ListHeaderSegment' Look'N'Feel 'TaharezLook/ListHeaderSegment' and RenderEffect ''. (0x7fffd2406c40)
30/04/2015 09:49:00 (Std) 	Creating falagard mapping for type 'TaharezLook/MultiColumnList' using base type 'CEGUI/MultiColumnList', window renderer 'Core/MultiColumnList' Look'N'Feel 'TaharezLook/MultiColumnList' and RenderEffect ''. (0x7fffd2406c40)
30/04/2015 09:49:00 (Std) 	Creating falagard mapping for type 'TaharezLook/Slider' using base type 'CEGUI/Slider', window renderer 'Core/Slider' Look'N'Feel 'TaharezLook/Slider' and RenderEffect ''. (0x7fffd2406c40)
30/04/2015 09:49:00 (Std) 	Creating falagard mapping for type 'TaharezLook/SliderThumb' using base type 'CEGUI/Thumb', window renderer 'Core/Button' Look'N'Feel 'TaharezLook/SliderThumb' and RenderEffect ''. (0x7fffd2406c40)
30/04/2015 09:49:00 (Std) 	Creating falagard mapping for type 'TaharezLook/ScrollablePane' using base type 'CEGUI/ScrollablePane', window renderer 'Core/ScrollablePane' Look'N'Feel 'TaharezLook/ScrollablePane' and RenderEffect ''. (0x7fffd2406c40)
30/04/2015 09:49:00 (Std) 	Creating falagard mapping for type 'TaharezLook/Spinner' using base type 'CEGUI/Spinner', window renderer 'Core/Default' Look'N'Feel 'TaharezLook/Spinner' and RenderEffect ''. (0x7fffd2406c40)
30/04/2015 09:49:00 (Std) 	Creating falagard mapping for type 'TaharezLook/Tooltip' using base type 'CEGUI/Tooltip', window renderer 'Core/Tooltip' Look'N'Feel 'TaharezLook/Tooltip' and RenderEffect ''. (0x7fffd2406c40)
30/04/2015 09:49:00 (Std) 	Creating falagard mapping for type 'TaharezLook/StaticImage' using base type 'DefaultWindow', window renderer 'Core/StaticImage' Look'N'Feel 'TaharezLook/StaticImage' and RenderEffect ''. (0x7fffd2406c40)
30/04/2015 09:49:00 (Std) 	Creating falagard mapping for type 'TaharezLook/StaticText' using base type 'DefaultWindow', window renderer 'Core/StaticText' Look'N'Feel 'TaharezLook/StaticText' and RenderEffect ''. (0x7fffd2406c40)
30/04/2015 09:49:00 (Std) 	Creating falagard mapping for type 'TaharezLook/ItemListbox' using base type 'CEGUI/ItemListbox', window renderer 'Core/ItemListbox' Look'N'Feel 'TaharezLook/ItemListbox' and RenderEffect ''. (0x7fffd2406c40)
30/04/2015 09:49:00 (Std) 	Creating falagard mapping for type 'TaharezLook/ListboxItem' using base type 'CEGUI/ItemEntry', window renderer 'Core/ItemEntry' Look'N'Feel 'TaharezLook/ListboxItem' and RenderEffect ''. (0x7fffd2406c40)
30/04/2015 09:49:00 (Std) 	Creating falagard mapping for type 'TaharezLook/GroupBox' using base type 'DefaultWindow', window renderer 'Core/Default' Look'N'Feel 'TaharezLook/GroupBox' and RenderEffect ''. (0x7fffd2406c40)
30/04/2015 09:49:00 (Std) 	Creating falagard mapping for type 'TaharezLook/Tree' using base type 'CEGUI/Tree', window renderer 'Core/Tree' Look'N'Feel 'TaharezLook/Tree' and RenderEffect ''. (0x7fffd2406c40)
30/04/2015 09:49:00 (Std) 	[OgreRenderer] Created texture: DejaVuSans-12_auto_glyph_images_32
30/04/2015 09:49:00 (Std) 	---- Successfully completed loading of GUI layout from 'CannonGame.layout' ----
